50, 80: 0
70, 80: 1
100, 80: 2
30, 50: 3

50, 80: 0
70, 80: 1
100, 80: 2
30, 50: 3

 resp 0
 resj 0
 cntjan 2
 cntpetra 2
 creditjan 0
 next 0
 resp 50
 resj 0
 cntjan 3
 cntpetra 1
 creditjan 1
 next 1
 resp 50
 resj 80
 cntjan 3
 cntpetra 1
 creditjan 0
 next 2
 resp 150
 resj 80
 cntjan 4
 cntpetra 0
 creditjan 1
 next 3
150 130
1, 10: 0
6, 6: 1
4, 4: 2
10, 1: 3

10, 1: 3
6, 6: 1
4, 4: 2
1, 10: 0

 resp 0
 resj 0
 cntjan 2
 cntpetra 2
 creditjan 0
 next 3
 resp 10
 resj 0
 cntjan 2
 cntpetra 1
 creditjan 1
 next 1
 resp 10
 resj 6
 cntjan 2
 cntpetra 1
 creditjan 0
 next 2
 resp 14
 resj 6
 cntjan 2
 cntpetra 0
 creditjan 1
 next 0
14 16
1, 4: 0
1, 3: 1
1, 2: 2
1, 1: 3
2, 1: 4
3, 1: 5
4, 1: 6

2, 1: 4
1, 4: 0
1, 3: 1
1, 2: 2
1, 1: 3
3, 1: 5
4, 1: 6

 resp 0
 resj 0
 cntjan 4
 cntpetra 3
 creditjan 1
 next 4
 resp 2
 resj 0
 cntjan 4
 cntpetra 2
 creditjan 2
 next 0
 resp 2
 resj 4
 cntjan 4
 cntpetra 2
 creditjan 1
 next 1
 resp 2
 resj 7
 cntjan 4
 cntpetra 2
 creditjan 0
 next 2
 resp 3
 resj 7
 cntjan 5
 cntpetra 1
 creditjan 1
 next 3
 resp 3
 resj 8
 cntjan 5
 cntpetra 1
 creditjan 0
 next 5
 resp 6
 resj 8
 cntjan 5
 cntpetra 0
 creditjan 1
 next 6
6 9
