1 READ OF 4 BYTES FROM SLAVE 47
2 WRITE OF 8 BYTES TO SLAVE 11
breaking
 3 ERROR NO STOP BIT
4 ERROR NO ACK FROM SLAVE 1A
5 ERROR NO ACK FROM SLAVE 12
6 ERROR NO ACK FROM SLAVE 12
7 READ OF 4 BYTES FROM SLAVE 12
8 ERROR NO ACK FROM SLAVE 12
9 ERROR NO ACK FROM SLAVE 12
10 READ OF 4 BYTES FROM SLAVE 12
11 ERROR NO ACK FROM SLAVE 12
12 READ OF 5 BYTES FROM SLAVE 12
13 ERROR NO ACK FROM SLAVE 12
14 ERROR NO ACK FROM SLAVE 12
15 READ OF 5 BYTES FROM SLAVE 12
16 ERROR NO ACK FROM SLAVE 33
17 WRITE OF 5 BYTES TO SLAVE 22
18 ERROR NO ACK FROM SLAVE 22
19 ERROR NO ACK FROM SLAVE 22
20 ERROR NO ACK FROM SLAVE 22
21 ERROR NO ACK FROM SLAVE 77
22 WRITE OF 1 BYTES TO SLAVE 61
23 ERROR NO ACK FROM SLAVE 62
24 ERROR NO ACK FROM SLAVE 62
25 WRITE OF 1 BYTES TO SLAVE 01
26 ERROR NO ACK FROM SLAVE 1
breaking
 27 ERROR NO STOP BIT
28 ERROR NO START BIT
29 ERROR NO START BIT
30 ERROR NO START BIT
31 ERROR NO START BIT
32 ERROR NO START BIT
33 ERROR NO START BIT
34 ERROR NO START BIT
35 ERROR NO START BIT
